# JRE version: OpenJDK Runtime Environment Temurin-17.0.10+7 (17.0.10+7) (build 17.0.10+7)
# Java VM: OpenJDK 64-Bit Server VM Temurin-17.0.10+7 (17.0.10+7, mixed mode, tiered, compressed oops, compressed class ptrs, parallel gc, windows-amd64)
GC Precious Log:
 CPUs: 4 total, 4 available
 Memory: 7888M
 Large Page Support: Disabled
 NUMA Support: Disabled
 Compressed Oops: Enabled (32-bit)
 Alignments: Space 512K, Generation 512K, Heap 2M
 Heap Min Capacity: 100M
 Heap Initial Capacity: 100M
 Heap Max Capacity: 1G
 Pre-touch: Disabled
 Parallel Workers: 4
Heap:
 PSYoungGen      total 18944K, used 12612K [0x00000000eab00000, 0x00000000ec100000, 0x0000000100000000)
  eden space 16896K, 64% used [0x00000000eab00000,0x00000000eb599188,0x00000000ebb80000)
  from space 2048K, 85% used [0x00000000ebf00000,0x00000000ec0b8000,0x00000000ec100000)
  to   space 2560K, 0% used [0x00000000ebc00000,0x00000000ebc00000,0x00000000ebe80000)
 ParOldGen       total 68608K, used 49204K [0x00000000c0000000, 0x00000000c4300000, 0x00000000eab00000)
  object space 68608K, 71% used [0x00000000c0000000,0x00000000c300d010,0x00000000c4300000)
 Metaspace       used 58503K, committed 59584K, reserved 1114112K
  class space    used 6377K, committed 6848K, reserved 1048576K
GC Heap History (20 events):
Event: 88.040 GC heap before
{Heap before GC invocations=23 (full 2):
 PSYoungGen      total 23040K, used 22560K [0x00000000eab00000, 0x00000000ec600000, 0x0000000100000000)
  eden space 22016K, 100% used [0x00000000eab00000,0x00000000ec080000,0x00000000ec080000)
  from space 1024K, 53% used [0x00000000ec500000,0x00000000ec588000,0x00000000ec600000)
  to   space 2048K, 0% used [0x00000000ec200000,0x00000000ec200000,0x00000000ec400000)
 ParOldGen       total 68608K, used 26406K [0x00000000c0000000, 0x00000000c4300000, 0x00000000eab00000)
  object space 68608K, 38% used [0x00000000c0000000,0x00000000c19c9800,0x00000000c4300000)
 Metaspace       used 56745K, committed 57728K, reserved 1114112K
  class space    used 6209K, committed 6592K, reserved 1048576K
}
Event: 88.042 GC heap after
{Heap after GC invocations=23 (full 2):
 PSYoungGen      total 24064K, used 576K [0x00000000eab00000, 0x00000000ec580000, 0x0000000100000000)
  eden space 22016K, 0% used [0x00000000eab00000,0x00000000eab00000,0x00000000ec080000)
  from space 2048K, 28% used [0x00000000ec200000,0x00000000ec290000,0x00000000ec400000)
  to   space 1024K, 0% used [0x00000000ec480000,0x00000000ec480000,0x00000000ec580000)
 ParOldGen       total 68608K, used 26932K [0x00000000c0000000, 0x00000000c4300000, 0x00000000eab00000)
  object space 68608K, 39% used [0x00000000c0000000,0x00000000c1a4d240,0x00000000c4300000)
 Metaspace       used 56745K, committed 57728K, reserved 1114112K
  class space    used 6209K, committed 6592K, reserved 1048576K
}
Event: 88.197 GC heap before
{Heap before GC invocations=24 (full 2):
 PSYoungGen      total 24064K, used 22592K [0x00000000eab00000, 0x00000000ec580000, 0x0000000100000000)
  eden space 22016K, 100% used [0x00000000eab00000,0x00000000ec080000,0x00000000ec080000)
  from space 2048K, 28% used [0x00000000ec200000,0x00000000ec290000,0x00000000ec400000)
  to   space 1024K, 0% used [0x00000000ec480000,0x00000000ec480000,0x00000000ec580000)
 ParOldGen       total 68608K, used 26932K [0x00000000c0000000, 0x00000000c4300000, 0x00000000eab00000)
  object space 68608K, 39% used [0x00000000c0000000,0x00000000c1a4d240,0x00000000c4300000)
 Metaspace       used 56900K, committed 57856K, reserved 1114112K
  class space    used 6227K, committed 6592K, reserved 1048576K
}
Event: 88.200 GC heap after
{Heap after GC invocations=24 (full 2):
 PSYoungGen      total 23040K, used 699K [0x00000000eab00000, 0x00000000ec580000, 0x0000000100000000)
  eden space 22016K, 0% used [0x00000000eab00000,0x00000000eab00000,0x00000000ec080000)
  from space 1024K, 68% used [0x00000000ec480000,0x00000000ec52ed88,0x00000000ec580000)
  to   space 1024K, 0% used [0x00000000ec380000,0x00000000ec380000,0x00000000ec480000)
 ParOldGen       total 68608K, used 28217K [0x00000000c0000000, 0x00000000c4300000, 0x00000000eab00000)
  object space 68608K, 41% used [0x00000000c0000000,0x00000000c1b8e750,0x00000000c4300000)
 Metaspace       used 56900K, committed 57856K, reserved 1114112K
  class space    used 6227K, committed 6592K, reserved 1048576K
}
Event: 88.514 GC heap before
{Heap before GC invocations=25 (full 2):
 PSYoungGen      total 23040K, used 22715K [0x00000000eab00000, 0x00000000ec580000, 0x0000000100000000)
  eden space 22016K, 100% used [0x00000000eab00000,0x00000000ec080000,0x00000000ec080000)
  from space 1024K, 68% used [0x00000000ec480000,0x00000000ec52ed88,0x00000000ec580000)
  to   space 1024K, 0% used [0x00000000ec380000,0x00000000ec380000,0x00000000ec480000)
 ParOldGen       total 68608K, used 28217K [0x00000000c0000000, 0x00000000c4300000, 0x00000000eab00000)
  object space 68608K, 41% used [0x00000000c0000000,0x00000000c1b8e750,0x00000000c4300000)
 Metaspace       used 57179K, committed 58176K, reserved 1114112K
  class space    used 6253K, committed 6656K, reserved 1048576K
}
Event: 88.520 GC heap after
{Heap after GC invocations=25 (full 2):
 PSYoungGen      total 23040K, used 1024K [0x00000000eab00000, 0x00000000ec880000, 0x0000000100000000)
  eden space 22016K, 0% used [0x00000000eab00000,0x00000000eab00000,0x00000000ec080000)
  from space 1024K, 100% used [0x00000000ec380000,0x00000000ec480000,0x00000000ec480000)
  to   space 4096K, 0% used [0x00000000ec480000,0x00000000ec480000,0x00000000ec880000)
 ParOldGen       total 68608K, used 30567K [0x00000000c0000000, 0x00000000c4300000, 0x00000000eab00000)
  object space 68608K, 44% used [0x00000000c0000000,0x00000000c1dd9e18,0x00000000c4300000)
 Metaspace       used 57179K, committed 58176K, reserved 1114112K
  class space    used 6253K, committed 6656K, reserved 1048576K
}
Event: 95.675 GC heap before
{Heap before GC invocations=26 (full 2):
 PSYoungGen      total 23040K, used 23040K [0x00000000eab00000, 0x00000000ec880000, 0x0000000100000000)
  eden space 22016K, 100% used [0x00000000eab00000,0x00000000ec080000,0x00000000ec080000)
  from space 1024K, 100% used [0x00000000ec380000,0x00000000ec480000,0x00000000ec480000)
  to   space 4096K, 0% used [0x00000000ec480000,0x00000000ec480000,0x00000000ec880000)
 ParOldGen       total 68608K, used 30567K [0x00000000c0000000, 0x00000000c4300000, 0x00000000eab00000)
  object space 68608K, 44% used [0x00000000c0000000,0x00000000c1dd9e18,0x00000000c4300000)
 Metaspace       used 58446K, committed 59456K, reserved 1114112K
  class space    used 6372K, committed 6784K, reserved 1048576K
}
Event: 95.690 GC heap after
{Heap after GC invocations=26 (full 2):
 PSYoungGen      total 23552K, used 4077K [0x00000000eab00000, 0x00000000ecd80000, 0x0000000100000000)
  eden space 19456K, 0% used [0x00000000eab00000,0x00000000eab00000,0x00000000ebe00000)
  from space 4096K, 99% used [0x00000000ec480000,0x00000000ec87b6d0,0x00000000ec880000)
  to   space 6656K, 0% used [0x00000000ebe00000,0x00000000ebe00000,0x00000000ec480000)
 ParOldGen       total 68608K, used 32154K [0x00000000c0000000, 0x00000000c4300000, 0x00000000eab00000)
  object space 68608K, 46% used [0x00000000c0000000,0x00000000c1f668d0,0x00000000c4300000)
 Metaspace       used 58446K, committed 59456K, reserved 1114112K
  class space    used 6372K, committed 6784K, reserved 1048576K
}
Event: 96.802 GC heap before
{Heap before GC invocations=27 (full 2):
 PSYoungGen      total 23552K, used 23533K [0x00000000eab00000, 0x00000000ecd80000, 0x0000000100000000)
  eden space 19456K, 100% used [0x00000000eab00000,0x00000000ebe00000,0x00000000ebe00000)
  from space 4096K, 99% used [0x00000000ec480000,0x00000000ec87b6d0,0x00000000ec880000)
  to   space 6656K, 0% used [0x00000000ebe00000,0x00000000ebe00000,0x00000000ec480000)
 ParOldGen       total 68608K, used 32154K [0x00000000c0000000, 0x00000000c4300000, 0x00000000eab00000)
  object space 68608K, 46% used [0x00000000c0000000,0x00000000c1f668d0,0x00000000c4300000)
 Metaspace       used 58451K, committed 59456K, reserved 1114112K
  class space    used 6372K, committed 6784K, reserved 1048576K
}
Event: 96.810 GC heap after
{Heap after GC invocations=27 (full 2):
 PSYoungGen      total 23040K, used 3416K [0x00000000eab00000, 0x00000000ec700000, 0x0000000100000000)
  eden space 19456K, 0% used [0x00000000eab00000,0x00000000eab00000,0x00000000ebe00000)
  from space 3584K, 95% used [0x00000000ebe00000,0x00000000ec156008,0x00000000ec180000)
  to   space 4608K, 0% used [0x00000000ec280000,0x00000000ec280000,0x00000000ec700000)
 ParOldGen       total 68608K, used 36175K [0x00000000c0000000, 0x00000000c4300000, 0x00000000eab00000)
  object space 68608K, 52% used [0x00000000c0000000,0x00000000c2353fc0,0x00000000c4300000)
 Metaspace       used 58451K, committed 59456K, reserved 1114112K
  class space    used 6372K, committed 6784K, reserved 1048576K
}
Event: 99.034 GC heap before
{Heap before GC invocations=28 (full 2):
 PSYoungGen      total 23040K, used 22872K [0x00000000eab00000, 0x00000000ec700000, 0x0000000100000000)
  eden space 19456K, 100% used [0x00000000eab00000,0x00000000ebe00000,0x00000000ebe00000)
  from space 3584K, 95% used [0x00000000ebe00000,0x00000000ec156008,0x00000000ec180000)
  to   space 4608K, 0% used [0x00000000ec280000,0x00000000ec280000,0x00000000ec700000)
 ParOldGen       total 68608K, used 36175K [0x00000000c0000000, 0x00000000c4300000, 0x00000000eab00000)
  object space 68608K, 52% used [0x00000000c0000000,0x00000000c2353fc0,0x00000000c4300000)
 Metaspace       used 58453K, committed 59456K, reserved 1114112K
  class space    used 6372K, committed 6784K, reserved 1048576K
}
Event: 99.039 GC heap after
{Heap after GC invocations=28 (full 2):
 PSYoungGen      total 22528K, used 2688K [0x00000000eab00000, 0x00000000ec580000, 0x0000000100000000)
  eden space 19456K, 0% used [0x00000000eab00000,0x00000000eab00000,0x00000000ebe00000)
  from space 3072K, 87% used [0x00000000ec280000,0x00000000ec520000,0x00000000ec580000)
  to   space 3584K, 0% used [0x00000000ebe80000,0x00000000ebe80000,0x00000000ec200000)
 ParOldGen       total 68608K, used 39386K [0x00000000c0000000, 0x00000000c4300000, 0x00000000eab00000)
  object space 68608K, 57% used [0x00000000c0000000,0x00000000c2676be8,0x00000000c4300000)
 Metaspace       used 58453K, committed 59456K, reserved 1114112K
  class space    used 6372K, committed 6784K, reserved 1048576K
}
Event: 100.491 GC heap before
{Heap before GC invocations=29 (full 2):
 PSYoungGen      total 22528K, used 22144K [0x00000000eab00000, 0x00000000ec580000, 0x0000000100000000)
  eden space 19456K, 100% used [0x00000000eab00000,0x00000000ebe00000,0x00000000ebe00000)
  from space 3072K, 87% used [0x00000000ec280000,0x00000000ec520000,0x00000000ec580000)
  to   space 3584K, 0% used [0x00000000ebe80000,0x00000000ebe80000,0x00000000ec200000)
 ParOldGen       total 68608K, used 39386K [0x00000000c0000000, 0x00000000c4300000, 0x00000000eab00000)
  object space 68608K, 57% used [0x00000000c0000000,0x00000000c2676be8,0x00000000c4300000)
 Metaspace       used 58470K, committed 59456K, reserved 1114112K
  class space    used 6372K, committed 6784K, reserved 1048576K
}
Event: 100.496 GC heap after
{Heap after GC invocations=29 (full 2):
 PSYoungGen      total 22528K, used 2993K [0x00000000eab00000, 0x00000000ec400000, 0x0000000100000000)
  eden space 19456K, 0% used [0x00000000eab00000,0x00000000eab00000,0x00000000ebe00000)
  from space 3072K, 97% used [0x00000000ebe80000,0x00000000ec16c410,0x00000000ec180000)
  to   space 2560K, 0% used [0x00000000ec180000,0x00000000ec180000,0x00000000ec400000)
 ParOldGen       total 68608K, used 41837K [0x00000000c0000000, 0x00000000c4300000, 0x00000000eab00000)
  object space 68608K, 60% used [0x00000000c0000000,0x00000000c28db7f8,0x00000000c4300000)
 Metaspace       used 58470K, committed 59456K, reserved 1114112K
  class space    used 6372K, committed 6784K, reserved 1048576K
}
Event: 101.551 GC heap before
{Heap before GC invocations=30 (full 2):
 PSYoungGen      total 22528K, used 22449K [0x00000000eab00000, 0x00000000ec400000, 0x0000000100000000)
  eden space 19456K, 100% used [0x00000000eab00000,0x00000000ebe00000,0x00000000ebe00000)
  from space 3072K, 97% used [0x00000000ebe80000,0x00000000ec16c410,0x00000000ec180000)
  to   space 2560K, 0% used [0x00000000ec180000,0x00000000ec180000,0x00000000ec400000)
 ParOldGen       total 68608K, used 41837K [0x00000000c0000000, 0x00000000c4300000, 0x00000000eab00000)
  object space 68608K, 60% used [0x00000000c0000000,0x00000000c28db7f8,0x00000000c4300000)
 Metaspace       used 58474K, committed 59456K, reserved 1114112K
  class space    used 6372K, committed 6784K, reserved 1048576K
}
Event: 101.556 GC heap after
{Heap after GC invocations=30 (full 2):
 PSYoungGen      total 19456K, used 2560K [0x00000000eab00000, 0x00000000eca00000, 0x0000000100000000)
  eden space 16896K, 0% used [0x00000000eab00000,0x00000000eab00000,0x00000000ebb80000)
  from space 2560K, 100% used [0x00000000ec180000,0x00000000ec400000,0x00000000ec400000)
  to   space 6144K, 0% used [0x00000000ebb80000,0x00000000ebb80000,0x00000000ec180000)
 ParOldGen       total 68608K, used 44582K [0x00000000c0000000, 0x00000000c4300000, 0x00000000eab00000)
  object space 68608K, 64% used [0x00000000c0000000,0x00000000c2b89800,0x00000000c4300000)
 Metaspace       used 58474K, committed 59456K, reserved 1114112K
  class space    used 6372K, committed 6784K, reserved 1048576K
}
Event: 103.178 GC heap before
{Heap before GC invocations=31 (full 2):
 PSYoungGen      total 19456K, used 19456K [0x00000000eab00000, 0x00000000eca00000, 0x0000000100000000)
  eden space 16896K, 100% used [0x00000000eab00000,0x00000000ebb80000,0x00000000ebb80000)
  from space 2560K, 100% used [0x00000000ec180000,0x00000000ec400000,0x00000000ec400000)
  to   space 6144K, 0% used [0x00000000ebb80000,0x00000000ebb80000,0x00000000ec180000)
 ParOldGen       total 68608K, used 44582K [0x00000000c0000000, 0x00000000c4300000, 0x00000000eab00000)
  object space 68608K, 64% used [0x00000000c0000000,0x00000000c2b89800,0x00000000c4300000)
 Metaspace       used 58475K, committed 59456K, reserved 1114112K
  class space    used 6372K, committed 6784K, reserved 1048576K
}
Event: 103.183 GC heap after
{Heap after GC invocations=31 (full 2):
 PSYoungGen      total 19456K, used 2358K [0x00000000eab00000, 0x00000000ec280000, 0x0000000100000000)
  eden space 16896K, 0% used [0x00000000eab00000,0x00000000eab00000,0x00000000ebb80000)
  from space 2560K, 92% used [0x00000000ebb80000,0x00000000ebdcd810,0x00000000ebe00000)
  to   space 3584K, 0% used [0x00000000ebf00000,0x00000000ebf00000,0x00000000ec280000)
 ParOldGen       total 68608K, used 46990K [0x00000000c0000000, 0x00000000c4300000, 0x00000000eab00000)
  object space 68608K, 68% used [0x00000000c0000000,0x00000000c2de3800,0x00000000c4300000)
 Metaspace       used 58475K, committed 59456K, reserved 1114112K
  class space    used 6372K, committed 6784K, reserved 1048576K
}
Event: 128.703 GC heap before
{Heap before GC invocations=32 (full 2):
 PSYoungGen      total 19456K, used 19254K [0x00000000eab00000, 0x00000000ec280000, 0x0000000100000000)
  eden space 16896K, 100% used [0x00000000eab00000,0x00000000ebb80000,0x00000000ebb80000)
  from space 2560K, 92% used [0x00000000ebb80000,0x00000000ebdcd810,0x00000000ebe00000)
  to   space 3584K, 0% used [0x00000000ebf00000,0x00000000ebf00000,0x00000000ec280000)
 ParOldGen       total 68608K, used 46990K [0x00000000c0000000, 0x00000000c4300000, 0x00000000eab00000)
  object space 68608K, 68% used [0x00000000c0000000,0x00000000c2de3800,0x00000000c4300000)
 Metaspace       used 58503K, committed 59584K, reserved 1114112K
  class space    used 6377K, committed 6848K, reserved 1048576K
}
Event: 128.708 GC heap after
{Heap after GC invocations=32 (full 2):
 PSYoungGen      total 18944K, used 1760K [0x00000000eab00000, 0x00000000ec100000, 0x0000000100000000)
  eden space 16896K, 0% used [0x00000000eab00000,0x00000000eab00000,0x00000000ebb80000)
  from space 2048K, 85% used [0x00000000ebf00000,0x00000000ec0b8000,0x00000000ec100000)
  to   space 2560K, 0% used [0x00000000ebc00000,0x00000000ebc00000,0x00000000ebe80000)
 ParOldGen       total 68608K, used 49204K [0x00000000c0000000, 0x00000000c4300000, 0x00000000eab00000)
  object space 68608K, 71% used [0x00000000c0000000,0x00000000c300d010,0x00000000c4300000)
 Metaspace       used 58503K, committed 59584K, reserved 1114112K
  class space    used 6377K, committed 6848K, reserved 1048576K
}

